Using pre-set license
Built from '2020.2/staging' branch; Version is '2020.2.6f1 (8a2143876886) revision 9052483'; Using compiler version '192528614'; Build Type 'Release'
OS: 'Windows 10 Home; OS build 19042.867; Version 2009; 64bit' Language: 'en' Physical Memory: 8077 MB
BatchMode: 1, IsHumanControllingUs: 0, StartBugReporterOnCrash: 0, Is64bit: 1, IsPro: 0

 COMMAND LINE ARGUMENTS:
C:\Program Files\Unity\Hub\Editor\2020.2.6f1\Editor\Unity.exe
-adb2
-batchMode
-noUpm
-name
AssetImportWorker12
-projectPath
C:/Users/Sheku/Desktop/Game Development/2D/Project-Bee/Project Bee
-logFile
Logs/AssetImportWorker12.log
-srvPort
50348
Successfully changed project path to: C:/Users/Sheku/Desktop/Game Development/2D/Project-Bee/Project Bee
C:/Users/Sheku/Desktop/Game Development/2D/Project-Bee/Project Bee
Using Asset Import Pipeline V2.
Refreshing native plugins compatible for Editor in 46.63 ms, found 1 plugins.
Preloading 0 native plugins for Editor in 0.00 ms.
Initialize engine version: 2020.2.6f1 (8a2143876886)
[Subsystems] Discovering subsystems at path C:/Program Files/Unity/Hub/Editor/2020.2.6f1/Editor/Data/Resources/UnitySubsystems
[Subsystems] Discovering subsystems at path C:/Users/Sheku/Desktop/Game Development/2D/Project-Bee/Project Bee/Assets
GfxDevice: creating device client; threaded=0
Direct3D:
    Version:  Direct3D 11.0 [level 11.1]
    Renderer: NVIDIA GeForce GTX 1050 (ID=0x1c8d)
    Vendor:   
    VRAM:     4019 MB
Initialize mono
Mono path[0] = 'C:/Program Files/Unity/Hub/Editor/2020.2.6f1/Editor/Data/Managed'
Mono path[1] = 'C:/Program Files/Unity/Hub/Editor/2020.2.6f1/Editor/Data/MonoBleedingEdge/lib/mono/unityjit'
Mono config path = 'C:/Program Files/Unity/Hub/Editor/2020.2.6f1/Editor/Data/MonoBleedingEdge/etc'
Using monoOptions --debugger-agent=transport=dt_socket,embedding=1,server=y,suspend=n,address=127.0.0.1:56780
Begin MonoManager ReloadAssembly
Registering precompiled unity dll's ...
Register platform support module: C:/Program Files/Unity/Hub/Editor/2020.2.6f1/Editor/Data/PlaybackEngines/MacStandaloneSupport/UnityEditor.OSXStandalone.Extensions.dll
Register platform support module: C:/Program Files/Unity/Hub/Editor/2020.2.6f1/Editor/Data/PlaybackEngines/WindowsStandaloneSupport/UnityEditor.WindowsStandalone.Extensions.dll
Registered in 0.003821 seconds.
Native extension for WindowsStandalone target not found
Native extension for OSXStandalone target not found
Refreshing native plugins compatible for Editor in 35.90 ms, found 1 plugins.
Preloading 0 native plugins for Editor in 0.00 ms.
Invoked RoslynAnalysisRunner static constructor.
RoslynAnalysisRunner will not be running.
RoslynAnalysisRunner has terminated.
Mono: successfully reloaded assembly
- Completed reload, in  1.454 seconds
Platform modules already initialized, skipping
Registering precompiled user dll's ...
Registered in 0.001472 seconds.
Begin MonoManager ReloadAssembly
Native extension for WindowsStandalone target not found
Native extension for OSXStandalone target not found
Refreshing native plugins compatible for Editor in 71.63 ms, found 1 plugins.
Preloading 0 native plugins for Editor in 0.00 ms.
Invoked RoslynAnalysisRunner static constructor.
RoslynAnalysisRunner will not be running.
RoslynAnalysisRunner has terminated.
Mono: successfully reloaded assembly
- Completed reload, in  1.628 seconds
Platform modules already initialized, skipping
========================================================================
Worker process is ready to serve import requests
Launched and connected shader compiler UnityShaderCompiler.exe after 6.75 seconds
Refreshing native plugins compatible for Editor in 0.40 ms, found 1 plugins.
Preloading 0 native plugins for Editor in 0.00 ms.
Unloading 1818 Unused Serialized files (Serialized files now loaded: 0)
System memory in use before: 85.2 MB.
System memory in use after: 85.1 MB.

Unloading 24 unused Assets to reduce memory usage. Loaded Objects now: 2263.
Total: 2.690500 ms (FindLiveObjects: 0.251000 ms CreateObjectMapping: 0.173700 ms MarkObjects: 2.132300 ms  DeleteObjects: 0.132000 ms)

========================================================================
Received Import Request.
  path: Assets/Art/PlayerBullet.png
  artifactKey: Guid(9175b330ed958f848bc4fd11e5708d68) Importer(815301076,1909f56bfc062723c751e8b465ee728b)
Start importing Assets/Art/PlayerBullet.png using Guid(9175b330ed958f848bc4fd11e5708d68) Importer(815301076,1909f56bfc062723c751e8b465ee728b)  -> (artifact id: '94eb5f65ae085944505685e3380bd103') in 1.893843 seconds
  Import took 1.897004 seconds .

========================================================================
Received Import Request.
  Time since last request: 0.000399 seconds.
  path: Assets/Art/Bomb(Proto).png
  artifactKey: Guid(090499cc1d80ba344a6b72340a81b255) Importer(815301076,1909f56bfc062723c751e8b465ee728b)
Start importing Assets/Art/Bomb(Proto).png using Guid(090499cc1d80ba344a6b72340a81b255) Importer(815301076,1909f56bfc062723c751e8b465ee728b)  -> (artifact id: 'a0531edcca138072e68510a6eaa33262') in 0.388564 seconds
  Import took 0.393602 seconds .

========================================================================
Received Import Request.
  Time since last request: 0.001081 seconds.
  path: Assets/Art/Bee Sprite.png
  artifactKey: Guid(c298bce509b4a79469fb954d6a06ce81) Importer(815301076,1909f56bfc062723c751e8b465ee728b)
Start importing Assets/Art/Bee Sprite.png using Guid(c298bce509b4a79469fb954d6a06ce81) Importer(815301076,1909f56bfc062723c751e8b465ee728b)  -> (artifact id: 'd0c0e86eff0f8f98134cbf893c598d65') in 0.340196 seconds
  Import took 0.353463 seconds .

========================================================================
Received Import Request.
  Time since last request: 1393.210641 seconds.
  path: Assets/Prefabs/Bomb.prefab
  artifactKey: Guid(6cd7b8d860caa0c4b8ac1d934bab6be6) Importer(815301076,1909f56bfc062723c751e8b465ee728b)
Start importing Assets/Prefabs/Bomb.prefab using Guid(6cd7b8d860caa0c4b8ac1d934bab6be6) Importer(815301076,1909f56bfc062723c751e8b465ee728b)  -> (artifact id: '9a95776592a08c22fcfcbca3074902ca') in 1.292147 seconds
  Import took 1.571067 seconds .

========================================================================
Received Prepare
Registering precompiled user dll's ...
Registered in 0.050003 seconds.
Begin MonoManager ReloadAssembly
Native extension for WindowsStandalone target not found
Native extension for OSXStandalone target not found
Refreshing native plugins compatible for Editor in 0.41 ms, found 1 plugins.
Preloading 0 native plugins for Editor in 0.00 ms.
Invoked RoslynAnalysisRunner static constructor.
RoslynAnalysisRunner will not be running.
RoslynAnalysisRunner has terminated.
Mono: successfully reloaded assembly
- Completed reload, in  2.124 seconds
Platform modules already initialized, skipping
Refreshing native plugins compatible for Editor in 0.38 ms, found 1 plugins.
Preloading 0 native plugins for Editor in 0.00 ms.
Unloading 1813 Unused Serialized files (Serialized files now loaded: 0)
System memory in use before: 88.3 MB.
System memory in use after: 88.3 MB.

Unloading 12 unused Assets to reduce memory usage. Loaded Objects now: 2292.
Total: 2.236100 ms (FindLiveObjects: 0.202500 ms CreateObjectMapping: 0.074800 ms MarkObjects: 1.803500 ms  DeleteObjects: 0.153700 ms)

========================================================================
Received Prepare
Registering precompiled user dll's ...
Registered in 0.002493 seconds.
Begin MonoManager ReloadAssembly
Native extension for WindowsStandalone target not found
Native extension for OSXStandalone target not found
Refreshing native plugins compatible for Editor in 0.37 ms, found 1 plugins.
Preloading 0 native plugins for Editor in 0.00 ms.
Invoked RoslynAnalysisRunner static constructor.
RoslynAnalysisRunner will not be running.
RoslynAnalysisRunner has terminated.
Mono: successfully reloaded assembly
- Completed reload, in  1.271 seconds
Platform modules already initialized, skipping
Refreshing native plugins compatible for Editor in 0.67 ms, found 1 plugins.
Preloading 0 native plugins for Editor in 0.00 ms.
Unloading 1813 Unused Serialized files (Serialized files now loaded: 0)
System memory in use before: 88.3 MB.
System memory in use after: 88.3 MB.

Unloading 12 unused Assets to reduce memory usage. Loaded Objects now: 2295.
Total: 4.032800 ms (FindLiveObjects: 0.791700 ms CreateObjectMapping: 0.223000 ms MarkObjects: 2.820700 ms  DeleteObjects: 0.195000 ms)

========================================================================
Received Prepare
Registering precompiled user dll's ...
Registered in 0.001647 seconds.
Begin MonoManager ReloadAssembly
Native extension for WindowsStandalone target not found
Native extension for OSXStandalone target not found
Refreshing native plugins compatible for Editor in 0.58 ms, found 1 plugins.
Preloading 0 native plugins for Editor in 0.00 ms.
Invoked RoslynAnalysisRunner static constructor.
RoslynAnalysisRunner will not be running.
RoslynAnalysisRunner has terminated.
Mono: successfully reloaded assembly
- Completed reload, in  1.755 seconds
Platform modules already initialized, skipping
Refreshing native plugins compatible for Editor in 0.48 ms, found 1 plugins.
Preloading 0 native plugins for Editor in 0.00 ms.
Unloading 1813 Unused Serialized files (Serialized files now loaded: 0)
System memory in use before: 88.3 MB.
System memory in use after: 88.3 MB.

Unloading 12 unused Assets to reduce memory usage. Loaded Objects now: 2298.
Total: 3.190400 ms (FindLiveObjects: 0.253300 ms CreateObjectMapping: 0.075200 ms MarkObjects: 2.612100 ms  DeleteObjects: 0.248100 ms)

========================================================================
Received Prepare
Registering precompiled user dll's ...
Registered in 0.001599 seconds.
Begin MonoManager ReloadAssembly
Native extension for WindowsStandalone target not found
Native extension for OSXStandalone target not found
Refreshing native plugins compatible for Editor in 0.39 ms, found 1 plugins.
Preloading 0 native plugins for Editor in 0.00 ms.
Invoked RoslynAnalysisRunner static constructor.
RoslynAnalysisRunner will not be running.
RoslynAnalysisRunner has terminated.
Mono: successfully reloaded assembly
- Completed reload, in  1.387 seconds
Platform modules already initialized, skipping
Refreshing native plugins compatible for Editor in 0.39 ms, found 1 plugins.
Preloading 0 native plugins for Editor in 0.00 ms.
Unloading 1813 Unused Serialized files (Serialized files now loaded: 0)
System memory in use before: 88.3 MB.
System memory in use after: 88.3 MB.

Unloading 12 unused Assets to reduce memory usage. Loaded Objects now: 2301.
Total: 2.852700 ms (FindLiveObjects: 0.349300 ms CreateObjectMapping: 0.101600 ms MarkObjects: 2.166700 ms  DeleteObjects: 0.233700 ms)

========================================================================
Received Prepare
Registering precompiled user dll's ...
Registered in 0.001711 seconds.
Begin MonoManager ReloadAssembly
Native extension for WindowsStandalone target not found
Native extension for OSXStandalone target not found
Refreshing native plugins compatible for Editor in 0.35 ms, found 1 plugins.
Preloading 0 native plugins for Editor in 0.00 ms.
Invoked RoslynAnalysisRunner static constructor.
RoslynAnalysisRunner will not be running.
RoslynAnalysisRunner has terminated.
Mono: successfully reloaded assembly
- Completed reload, in  1.081 seconds
Platform modules already initialized, skipping
Refreshing native plugins compatible for Editor in 0.41 ms, found 1 plugins.
Preloading 0 native plugins for Editor in 0.00 ms.
Unloading 1813 Unused Serialized files (Serialized files now loaded: 0)
System memory in use before: 88.3 MB.
System memory in use after: 88.3 MB.

Unloading 12 unused Assets to reduce memory usage. Loaded Objects now: 2304.
Total: 2.203300 ms (FindLiveObjects: 0.198400 ms CreateObjectMapping: 0.069600 ms MarkObjects: 1.775300 ms  DeleteObjects: 0.158700 ms)

========================================================================
Received Prepare
Registering precompiled user dll's ...
Registered in 0.001599 seconds.
Begin MonoManager ReloadAssembly
Native extension for WindowsStandalone target not found
Native extension for OSXStandalone target not found
Refreshing native plugins compatible for Editor in 0.35 ms, found 1 plugins.
Preloading 0 native plugins for Editor in 0.00 ms.
Invoked RoslynAnalysisRunner static constructor.
RoslynAnalysisRunner will not be running.
RoslynAnalysisRunner has terminated.
Mono: successfully reloaded assembly
- Completed reload, in  1.019 seconds
Platform modules already initialized, skipping
Refreshing native plugins compatible for Editor in 0.37 ms, found 1 plugins.
Preloading 0 native plugins for Editor in 0.00 ms.
Unloading 1813 Unused Serialized files (Serialized files now loaded: 0)
System memory in use before: 88.4 MB.
System memory in use after: 88.3 MB.

Unloading 12 unused Assets to reduce memory usage. Loaded Objects now: 2307.
Total: 2.442800 ms (FindLiveObjects: 0.227000 ms CreateObjectMapping: 0.076200 ms MarkObjects: 1.983000 ms  DeleteObjects: 0.155100 ms)

========================================================================
Received Prepare
Registering precompiled user dll's ...
Registered in 0.001675 seconds.
Begin MonoManager ReloadAssembly
Native extension for WindowsStandalone target not found
Native extension for OSXStandalone target not found
Refreshing native plugins compatible for Editor in 0.33 ms, found 1 plugins.
Preloading 0 native plugins for Editor in 0.00 ms.
Invoked RoslynAnalysisRunner static constructor.
RoslynAnalysisRunner will not be running.
RoslynAnalysisRunner has terminated.
Mono: successfully reloaded assembly
- Completed reload, in  1.016 seconds
Platform modules already initialized, skipping
Refreshing native plugins compatible for Editor in 0.39 ms, found 1 plugins.
Preloading 0 native plugins for Editor in 0.00 ms.
Unloading 1813 Unused Serialized files (Serialized files now loaded: 0)
System memory in use before: 88.4 MB.
System memory in use after: 88.4 MB.

Unloading 12 unused Assets to reduce memory usage. Loaded Objects now: 2310.
Total: 3.356600 ms (FindLiveObjects: 0.233200 ms CreateObjectMapping: 0.054900 ms MarkObjects: 2.850500 ms  DeleteObjects: 0.216500 ms)

========================================================================
Received Prepare
Registering precompiled user dll's ...
Registered in 0.001603 seconds.
Begin MonoManager ReloadAssembly
Native extension for WindowsStandalone target not found
Native extension for OSXStandalone target not found
Refreshing native plugins compatible for Editor in 0.78 ms, found 1 plugins.
Preloading 0 native plugins for Editor in 0.00 ms.
Invoked RoslynAnalysisRunner static constructor.
RoslynAnalysisRunner will not be running.
RoslynAnalysisRunner has terminated.
Mono: successfully reloaded assembly
- Completed reload, in  1.172 seconds
Platform modules already initialized, skipping
Refreshing native plugins compatible for Editor in 0.43 ms, found 1 plugins.
Preloading 0 native plugins for Editor in 0.00 ms.
Unloading 1813 Unused Serialized files (Serialized files now loaded: 0)
System memory in use before: 88.4 MB.
System memory in use after: 88.4 MB.

Unloading 12 unused Assets to reduce memory usage. Loaded Objects now: 2313.
Total: 3.332700 ms (FindLiveObjects: 0.695900 ms CreateObjectMapping: 0.220300 ms MarkObjects: 2.264700 ms  DeleteObjects: 0.150200 ms)

========================================================================
Received Prepare
Registering precompiled user dll's ...
Registered in 0.002252 seconds.
Begin MonoManager ReloadAssembly
Native extension for WindowsStandalone target not found
Native extension for OSXStandalone target not found
Refreshing native plugins compatible for Editor in 0.91 ms, found 1 plugins.
Preloading 0 native plugins for Editor in 0.00 ms.
Invoked RoslynAnalysisRunner static constructor.
RoslynAnalysisRunner will not be running.
RoslynAnalysisRunner has terminated.
Mono: successfully reloaded assembly
- Completed reload, in  1.310 seconds
Platform modules already initialized, skipping
Refreshing native plugins compatible for Editor in 0.36 ms, found 1 plugins.
Preloading 0 native plugins for Editor in 0.00 ms.
Unloading 1813 Unused Serialized files (Serialized files now loaded: 0)
System memory in use before: 88.4 MB.
System memory in use after: 88.4 MB.

Unloading 12 unused Assets to reduce memory usage. Loaded Objects now: 2316.
Total: 3.888200 ms (FindLiveObjects: 0.673000 ms CreateObjectMapping: 0.137500 ms MarkObjects: 2.881600 ms  DeleteObjects: 0.193600 ms)

========================================================================
Received Prepare
Registering precompiled user dll's ...
Registered in 0.001653 seconds.
Begin MonoManager ReloadAssembly
Native extension for WindowsStandalone target not found
Native extension for OSXStandalone target not found
Refreshing native plugins compatible for Editor in 0.65 ms, found 1 plugins.
Preloading 0 native plugins for Editor in 0.00 ms.
Invoked RoslynAnalysisRunner static constructor.
RoslynAnalysisRunner will not be running.
RoslynAnalysisRunner has terminated.
Mono: successfully reloaded assembly
- Completed reload, in  1.227 seconds
Platform modules already initialized, skipping
Refreshing native plugins compatible for Editor in 0.49 ms, found 1 plugins.
Preloading 0 native plugins for Editor in 0.00 ms.
Unloading 1813 Unused Serialized files (Serialized files now loaded: 0)
System memory in use before: 88.4 MB.
System memory in use after: 88.4 MB.

Unloading 12 unused Assets to reduce memory usage. Loaded Objects now: 2319.
Total: 2.155900 ms (FindLiveObjects: 0.212600 ms CreateObjectMapping: 0.091200 ms MarkObjects: 1.677700 ms  DeleteObjects: 0.173000 ms)

========================================================================
Received Prepare
Registering precompiled user dll's ...
Registered in 0.002312 seconds.
Begin MonoManager ReloadAssembly
Native extension for WindowsStandalone target not found
Native extension for OSXStandalone target not found
Refreshing native plugins compatible for Editor in 0.36 ms, found 1 plugins.
Preloading 0 native plugins for Editor in 0.00 ms.
Invoked RoslynAnalysisRunner static constructor.
RoslynAnalysisRunner will not be running.
RoslynAnalysisRunner has terminated.
Mono: successfully reloaded assembly
- Completed reload, in  1.050 seconds
Platform modules already initialized, skipping
Refreshing native plugins compatible for Editor in 0.39 ms, found 1 plugins.
Preloading 0 native plugins for Editor in 0.00 ms.
Unloading 1813 Unused Serialized files (Serialized files now loaded: 0)
System memory in use before: 88.4 MB.
System memory in use after: 88.4 MB.

Unloading 12 unused Assets to reduce memory usage. Loaded Objects now: 2322.
Total: 2.984100 ms (FindLiveObjects: 0.470400 ms CreateObjectMapping: 0.195700 ms MarkObjects: 2.190700 ms  DeleteObjects: 0.126200 ms)

========================================================================
Received Prepare
Registering precompiled user dll's ...
Registered in 0.002044 seconds.
Begin MonoManager ReloadAssembly
Native extension for WindowsStandalone target not found
Native extension for OSXStandalone target not found
Refreshing native plugins compatible for Editor in 0.40 ms, found 1 plugins.
Preloading 0 native plugins for Editor in 0.00 ms.
Invoked RoslynAnalysisRunner static constructor.
RoslynAnalysisRunner will not be running.
RoslynAnalysisRunner has terminated.
Mono: successfully reloaded assembly
- Completed reload, in  1.794 seconds
Platform modules already initialized, skipping
Refreshing native plugins compatible for Editor in 0.48 ms, found 1 plugins.
Preloading 0 native plugins for Editor in 0.00 ms.
Unloading 1813 Unused Serialized files (Serialized files now loaded: 0)
System memory in use before: 88.4 MB.
System memory in use after: 88.4 MB.

Unloading 12 unused Assets to reduce memory usage. Loaded Objects now: 2325.
Total: 2.821200 ms (FindLiveObjects: 0.289800 ms CreateObjectMapping: 0.155200 ms MarkObjects: 2.184400 ms  DeleteObjects: 0.190400 ms)

AssetImportWorkerClient::OnTransportError - code=2 error=End of file
